<?xml version="1.0" encoding="UTF-8"?>
<!-- Generated by org.testng.reporters.JUnitReportReporter -->
<testsuite hostname="m915.local" failures="0" tests="1" name="tests.iosTester" time="1646.751" errors="0" timestamp="2020-08-25T14:59:48 PDT" skipped="0">
  <testcase classname="tests.iosTester" name="finalDemoTest" time="1646.751"/>
</testsuite> <!-- tests.iosTester -->
