<?xml version="1.0" encoding="UTF-8"?>
<!-- Generated by org.testng.reporters.JUnitReportReporter -->
<testsuite hostname="m915.local" failures="0" tests="1" name="tests.mainTester" time="14.783" errors="0" timestamp="2020-07-14T12:54:31 PDT" skipped="0">
  <testcase classname="tests.mainTester" name="appStoreTest" time="14.783"/>
</testsuite> <!-- tests.mainTester -->
