<?xml version="1.0" encoding="UTF-8"?>
<!-- Generated by org.testng.reporters.JUnitReportReporter -->
<testsuite hostname="m915.local" failures="0" tests="1" name="tests.gmailTest" time="25.346" errors="0" timestamp="2020-06-10T13:46:13 PDT" skipped="0">
  <testcase classname="tests.gmailTest" name="gmailTest" time="25.346"/>
</testsuite> <!-- tests.gmailTest -->
