<?xml version="1.0" encoding="UTF-8"?>
<!-- Generated by org.testng.reporters.JUnitReportReporter -->
<testsuite hostname="m915.local" failures="0" tests="1" name="tests.iosTester" time="876.065" errors="0" timestamp="2020-09-02T11:32:03 PDT" skipped="0">
  <testcase classname="tests.iosTester" name="generateTest" time="876.065"/>
</testsuite> <!-- tests.iosTester -->
