<?xml version="1.0" encoding="UTF-8"?>
<!-- Generated by org.testng.reporters.JUnitReportReporter -->
<testsuite hostname="m915.local" failures="0" tests="1" name="tests.phoneTest" time="9.596" errors="0" timestamp="2020-06-10T14:12:48 PDT" skipped="0">
  <testcase classname="tests.phoneTest" name="phoneTest1" time="9.596"/>
</testsuite> <!-- tests.phoneTest -->
