<?xml version="1.0" encoding="UTF-8"?>
<!-- Generated by org.testng.reporters.JUnitReportReporter -->
<testsuite hostname="m915.local" failures="0" tests="1" name="tests.mainTester" time="14.993" errors="0" timestamp="2020-08-11T13:59:26 PDT" skipped="0">
  <testcase classname="tests.mainTester" name="facetimeTest" time="14.993"/>
</testsuite> <!-- tests.mainTester -->
