<?xml version="1.0" encoding="UTF-8"?>
<!-- Generated by org.testng.reporters.JUnitReportReporter -->
<testsuite hostname="m915.local" failures="0" tests="1" name="tests.droidTester" time="11.261" errors="0" timestamp="2020-08-24T14:45:25 PDT" skipped="0">
  <testcase classname="tests.droidTester" name="androidDexcomTest" time="11.261"/>
</testsuite> <!-- tests.droidTester -->
