<?xml version="1.0" encoding="UTF-8"?>
<!-- Generated by org.testng.reporters.JUnitReportReporter -->
<testsuite hostname="m915.local" failures="0" tests="1" name="tests.calcTest" time="17.791" errors="0" timestamp="2020-06-10T11:54:30 PDT" skipped="0">
  <testcase classname="tests.calcTest" name="calcTest1" time="17.791"/>
</testsuite> <!-- tests.calcTest -->
