<?xml version="1.0" encoding="UTF-8"?>
<!-- Generated by org.testng.reporters.JUnitReportReporter -->
<testsuite hostname="m915.local" failures="0" tests="1" name="tests.mainTester" time="18.474" errors="0" timestamp="2020-08-05T10:59:16 PDT" skipped="0">
  <testcase classname="tests.mainTester" name="androidDexcomTest" time="18.474"/>
</testsuite> <!-- tests.mainTester -->
