<?xml version="1.0" encoding="UTF-8"?>
<!-- Generated by org.testng.reporters.JUnitReportReporter -->
<testsuite hostname="m915.local" failures="0" tests="1" name="tests.mainTester" time="25.039" errors="0" timestamp="2020-06-11T10:21:08 PDT" skipped="0">
  <testcase classname="tests.mainTester" name="gmailTest" time="25.039"/>
</testsuite> <!-- tests.mainTester -->
