<?xml version="1.0" encoding="UTF-8"?>
<!-- Generated by org.testng.reporters.JUnitReportReporter -->
<testsuite hostname="m915.local" failures="0" tests="1" name="tests.droidTester" time="3.513" errors="0" timestamp="2020-08-20T10:28:32 PDT" skipped="0">
  <testcase classname="tests.droidTester" name="androidLogs" time="3.513"/>
</testsuite> <!-- tests.droidTester -->
