<?xml version="1.0" encoding="UTF-8"?>
<!-- Generated by org.testng.reporters.JUnitReportReporter -->
<testsuite hostname="m915.local" failures="0" tests="1" name="tests.mainTester" time="3.388" errors="0" timestamp="2020-06-24T13:27:02 PDT" skipped="0">
  <testcase classname="tests.mainTester" name="testYoutube" time="3.388"/>
</testsuite> <!-- tests.mainTester -->
