<?xml version="1.0" encoding="UTF-8"?>
<!-- Generated by org.testng.reporters.JUnitReportReporter -->
<testsuite hostname="m915.local" failures="0" tests="1" name="tests.iosTester" time="21.263" errors="0" timestamp="2020-08-18T14:56:23 PDT" skipped="0">
  <testcase classname="tests.iosTester" name="testFacebook" time="21.263"/>
</testsuite> <!-- tests.iosTester -->
