<?xml version="1.0" encoding="UTF-8"?>
<!-- Generated by org.testng.reporters.JUnitReportReporter -->
<testsuite hostname="m915.local" failures="0" tests="1" name="tests.droidTester" time="18.015" errors="0" timestamp="2020-08-20T14:59:26 PDT" skipped="0">
  <testcase classname="tests.droidTester" name="androidLogs" time="18.015"/>
</testsuite> <!-- tests.droidTester -->
