<?xml version="1.0" encoding="UTF-8"?>
<!-- Generated by org.testng.reporters.JUnitReportReporter -->
<testsuite hostname="m915.local" failures="0" tests="1" name="tests.iosTester" time="36.632" errors="0" timestamp="2020-08-20T13:01:58 PDT" skipped="0">
  <testcase classname="tests.iosTester" name="settings1" time="36.632"/>
</testsuite> <!-- tests.iosTester -->
